<?xml version="1.0" encoding="UTF-8"?>
<!-- Generated by org.testng.reporters.JUnitReportReporter -->
<testsuite skipped="0" hostname="ADMIN-PC" name="com.testCase.LoginTestCase" tests="1" failures="0" timestamp="30 Sep 2021 06:57:03 GMT" time="9.501" errors="0">
  <testcase name="login" time="9.501" classname="com.testCase.LoginTestCase"/>
</testsuite> <!-- com.testCase.LoginTestCase -->
